2018-04-12 18:29:01	admin	http://localhost/mats/mat/	Parse Error: 	syntax error, unexpected '>' (line 55 of /opt/lampp/htdocs/mats/site/templates/_main.php)
2018-04-12 18:29:01	admin	http://localhost/mats/mat/	Parse Error: 	syntax error, unexpected '>' (line 55 of /opt/lampp/htdocs/mats/site/templates/_main.php)
2018-04-12 18:30:28	admin	http://localhost/mats/mat/	Parse Error: 	syntax error, unexpected '>' (line 55 of /opt/lampp/htdocs/mats/site/templates/_main.php)
2018-04-12 18:30:29	admin	http://localhost/mats/mat/	Parse Error: 	syntax error, unexpected '>' (line 55 of /opt/lampp/htdocs/mats/site/templates/_main.php)
2018-04-12 18:30:51	admin	http://localhost/mats/mat/	Compile Error: 	require(): Failed opening required 'assets/pages/mat' (include_path='.:/opt/lampp/lib/php') (line 54 of /opt/lampp/htdocs/mats/site/templates/_main.php)
2018-04-12 18:30:52	admin	http://localhost/mats/mat/	Compile Error: 	require(): Failed opening required 'assets/pages/mat' (include_path='.:/opt/lampp/lib/php') (line 54 of /opt/lampp/htdocs/mats/site/templates/_main.php)
2018-04-12 18:39:51	admin	http://localhost/mats/http404/	Compile Error: 	require(): Failed opening required 'assets/pages/.php' (include_path='.:/opt/lampp/lib/php') (line 50 of /opt/lampp/htdocs/mats/site/templates/_main.php)
2018-04-12 18:39:51	admin	http://localhost/mats/http404/	Compile Error: 	require(): Failed opening required 'assets/pages/.php' (include_path='.:/opt/lampp/lib/php') (line 50 of /opt/lampp/htdocs/mats/site/templates/_main.php)
2018-04-12 18:39:53	admin	http://localhost/mats/http404/	Compile Error: 	require(): Failed opening required 'assets/pages/.php' (include_path='.:/opt/lampp/lib/php') (line 50 of /opt/lampp/htdocs/mats/site/templates/_main.php)
2018-04-12 18:39:54	admin	http://localhost/mats/http404/	Compile Error: 	require(): Failed opening required 'assets/pages/.php' (include_path='.:/opt/lampp/lib/php') (line 50 of /opt/lampp/htdocs/mats/site/templates/_main.php)
2018-04-12 18:41:06	admin	http://localhost/mats/http404/	Compile Error: 	require(): Failed opening required 'assets/pages/.php' (include_path='.:/opt/lampp/lib/php') (line 50 of /opt/lampp/htdocs/mats/site/templates/_main.php)
2018-04-12 18:41:06	admin	http://localhost/mats/http404/	Compile Error: 	require(): Failed opening required 'assets/pages/.php' (include_path='.:/opt/lampp/lib/php') (line 50 of /opt/lampp/htdocs/mats/site/templates/_main.php)
2018-04-12 18:41:29	admin	http://localhost/mats/http404/	Compile Error: 	require(): Failed opening required 'assets/pages/.php' (include_path='.:/opt/lampp/lib/php') (line 50 of /opt/lampp/htdocs/mats/site/templates/_main.php)
2018-04-12 18:41:30	admin	http://localhost/mats/http404/	Compile Error: 	require(): Failed opening required 'assets/pages/.php' (include_path='.:/opt/lampp/lib/php') (line 50 of /opt/lampp/htdocs/mats/site/templates/_main.php)
2018-04-12 18:41:32	admin	http://localhost/mats/http404/	Compile Error: 	require(): Failed opening required 'assets/pages/.php' (include_path='.:/opt/lampp/lib/php') (line 50 of /opt/lampp/htdocs/mats/site/templates/_main.php)
2018-04-12 18:41:33	admin	http://localhost/mats/http404/	Compile Error: 	require(): Failed opening required 'assets/pages/.php' (include_path='.:/opt/lampp/lib/php') (line 50 of /opt/lampp/htdocs/mats/site/templates/_main.php)
2018-04-12 18:41:33	admin	http://localhost/mats/http404/	Compile Error: 	require(): Failed opening required 'assets/pages/.php' (include_path='.:/opt/lampp/lib/php') (line 50 of /opt/lampp/htdocs/mats/site/templates/_main.php)
2018-04-12 23:15:34	guest	http://localhost/mats/http404/	Compile Error: 	require(): Failed opening required 'assets/pages/.php' (include_path='.:/opt/lampp/lib/php') (line 53 of /opt/lampp/htdocs/mats/site/templates/_main.php)
2018-04-12 23:15:37	guest	http://localhost/mats/http404/	Compile Error: 	require(): Failed opening required 'assets/pages/.php' (include_path='.:/opt/lampp/lib/php') (line 53 of /opt/lampp/htdocs/mats/site/templates/_main.php)
2018-04-12 23:16:16	admin	http://localhost/mats/http404/	Compile Error: 	require(): Failed opening required 'assets/pages/.php' (include_path='.:/opt/lampp/lib/php') (line 53 of /opt/lampp/htdocs/mats/site/templates/_main.php)
2018-04-13 00:14:19	guest	http://localhost/mats/http404/	Compile Error: 	require(): Failed opening required 'assets/pages/.php' (include_path='.:/opt/lampp/lib/php') (line 53 of /opt/lampp/htdocs/mats/site/templates/_main.php)
2018-04-13 00:15:41	guest	http://localhost/mats/http404/	Compile Error: 	require(): Failed opening required 'assets/pages/.php' (include_path='.:/opt/lampp/lib/php') (line 53 of /opt/lampp/htdocs/mats/site/templates/_main.php)
2018-04-13 00:18:28	guest	http://localhost/mats/http404/	Compile Error: 	require(): Failed opening required 'assets/pages/.php' (include_path='.:/opt/lampp/lib/php') (line 53 of /opt/lampp/htdocs/mats/site/templates/_main.php)
2018-04-13 00:19:10	guest	http://localhost/mats/http404/	Compile Error: 	require(): Failed opening required 'assets/pages/.php' (include_path='.:/opt/lampp/lib/php') (line 53 of /opt/lampp/htdocs/mats/site/templates/_main.php)
2018-04-13 00:19:44	guest	http://localhost/mats/http404/	Compile Error: 	require(): Failed opening required 'assets/pages/.php' (include_path='.:/opt/lampp/lib/php') (line 53 of /opt/lampp/htdocs/mats/site/templates/_main.php)
2018-04-13 00:35:05	guest	http://localhost/mats/http404/	Compile Error: 	require(): Failed opening required 'assets/pages/.php' (include_path='.:/opt/lampp/lib/php') (line 53 of /opt/lampp/htdocs/mats/site/templates/_main.php)
2018-04-13 10:57:53	admin	http://localhost/mats/http404/	Compile Error: 	require(): Failed opening required 'assets/pages/.php' (include_path='.:/opt/lampp/lib/php') (line 56 of /opt/lampp/htdocs/mats/site/templates/_main.php)
2018-04-13 11:01:51	admin	http://localhost/mats/http404/	Compile Error: 	require(): Failed opening required 'assets/pages/.php' (include_path='.:/opt/lampp/lib/php') (line 56 of /opt/lampp/htdocs/mats/site/templates/_main.php)
2018-04-13 11:01:54	admin	http://localhost/mats/http404/	Compile Error: 	require(): Failed opening required 'assets/pages/.php' (include_path='.:/opt/lampp/lib/php') (line 56 of /opt/lampp/htdocs/mats/site/templates/_main.php)
2018-04-13 11:01:59	admin	http://localhost/mats/http404/	Compile Error: 	require(): Failed opening required 'assets/pages/.php' (include_path='.:/opt/lampp/lib/php') (line 56 of /opt/lampp/htdocs/mats/site/templates/_main.php)
2018-04-13 11:02:32	admin	http://localhost/mats/http404/	Compile Error: 	require(): Failed opening required 'assets/pages/.php' (include_path='.:/opt/lampp/lib/php') (line 56 of /opt/lampp/htdocs/mats/site/templates/_main.php)
2018-04-13 11:02:33	admin	http://localhost/mats/http404/	Compile Error: 	require(): Failed opening required 'assets/pages/.php' (include_path='.:/opt/lampp/lib/php') (line 56 of /opt/lampp/htdocs/mats/site/templates/_main.php)
2018-04-13 11:02:41	admin	http://localhost/mats/api/elements/	Error: 	Call to undefined function wireEncodeJSON() (line 11 of /opt/lampp/htdocs/mats/site/templates/assets/pages/api-elements.php)
2018-04-13 11:02:41	admin	http://localhost/mats/api/elements/	Error: 	Call to undefined function wireEncodeJSON() (line 11 of /opt/lampp/htdocs/mats/site/templates/assets/pages/api-elements.php)
2018-04-13 11:04:51	admin	http://localhost/mats/api/elements/	Parse Error: 	syntax error, unexpected '$template_name' (T_VARIABLE) (line 12 of /opt/lampp/htdocs/mats/site/templates/api-elements.php)
2018-04-13 11:04:52	admin	http://localhost/mats/api/elements/	Parse Error: 	syntax error, unexpected '$template_name' (T_VARIABLE) (line 12 of /opt/lampp/htdocs/mats/site/templates/api-elements.php)
2018-04-13 11:05:02	admin	http://localhost/mats/api/elements/	Compile Error: 	require(): Failed opening required 'assets/pages/api-elements.php' (include_path='.:/opt/lampp/lib/php') (line 56 of /opt/lampp/htdocs/mats/site/templates/_main.php)
2018-04-13 11:05:03	admin	http://localhost/mats/api/elements/	Compile Error: 	require(): Failed opening required 'assets/pages/api-elements.php' (include_path='.:/opt/lampp/lib/php') (line 56 of /opt/lampp/htdocs/mats/site/templates/_main.php)
2018-04-13 11:05:09	admin	http://localhost/mats/api/elements/	Error: 	Exception: Unknown Selector operator: '' -- was your selector value properly escaped?  (in /opt/lampp/htdocs/mats/wire/core/Selectors.php line 378)  #0 /opt/lampp/htdocs/mats/wire/core/Selectors.php(419): ProcessWire\Selectors->create('search_string', '', '') #1 /opt/lampp/htdocs/mats/wire/core/Selectors.php(141): ProcessWire\Selectors->extractString('search_string') #2 /opt/lampp/htdocs/mats/wire/core/Selectors.php(127): ProcessWire\Selectors->setSelectorString('search_string') #3 /opt/lampp/htdocs/mats/wire/core/PagesLoader.php(217): ProcessWire\Selectors->init('search_string') #4 /opt/lampp/htdocs/mats/wire/core/Pages.php(232): ProcessWire\PagesLoader->find('search_string', Array) #5 /opt/lampp/htdocs/mats/wire/core/Wire.php(383): ProcessWire\Pages->___find('search_string') #6 /opt/lampp/htdocs/mats/wire/core/WireHooks.php(723): ProcessWire\Wire->_callMethod('___find', Array) #7 /opt/lampp/htdocs/mats/wire/core/Wire.php(442): ProcessWire\WireHooks->runHooks(Object(ProcessWire\Pages), 'find', Array) #8 /opt
2018-04-13 11:05:10	admin	http://localhost/mats/api/elements/	Error: 	Exception: Unknown Selector operator: '' -- was your selector value properly escaped?  (in /opt/lampp/htdocs/mats/wire/core/Selectors.php line 378)  #0 /opt/lampp/htdocs/mats/wire/core/Selectors.php(419): ProcessWire\Selectors->create('search_string', '', '') #1 /opt/lampp/htdocs/mats/wire/core/Selectors.php(141): ProcessWire\Selectors->extractString('search_string') #2 /opt/lampp/htdocs/mats/wire/core/Selectors.php(127): ProcessWire\Selectors->setSelectorString('search_string') #3 /opt/lampp/htdocs/mats/wire/core/PagesLoader.php(217): ProcessWire\Selectors->init('search_string') #4 /opt/lampp/htdocs/mats/wire/core/Pages.php(232): ProcessWire\PagesLoader->find('search_string', Array) #5 /opt/lampp/htdocs/mats/wire/core/Wire.php(383): ProcessWire\Pages->___find('search_string') #6 /opt/lampp/htdocs/mats/wire/core/WireHooks.php(723): ProcessWire\Wire->_callMethod('___find', Array) #7 /opt/lampp/htdocs/mats/wire/core/Wire.php(442): ProcessWire\WireHooks->runHooks(Object(ProcessWire\Pages), 'find', Array) #8 /opt
2018-04-13 11:05:19	admin	http://localhost/mats/api/elements/	Error: 	Exception: Unknown Selector operator: '' -- was your selector value properly escaped?  (in /opt/lampp/htdocs/mats/wire/core/Selectors.php line 378)  #0 /opt/lampp/htdocs/mats/wire/core/Selectors.php(419): ProcessWire\Selectors->create('search_string', '', '') #1 /opt/lampp/htdocs/mats/wire/core/Selectors.php(141): ProcessWire\Selectors->extractString('search_string') #2 /opt/lampp/htdocs/mats/wire/core/Selectors.php(127): ProcessWire\Selectors->setSelectorString('search_string') #3 /opt/lampp/htdocs/mats/wire/core/PagesLoader.php(217): ProcessWire\Selectors->init('search_string') #4 /opt/lampp/htdocs/mats/wire/core/Pages.php(232): ProcessWire\PagesLoader->find('search_string', Array) #5 /opt/lampp/htdocs/mats/wire/core/Wire.php(383): ProcessWire\Pages->___find('search_string') #6 /opt/lampp/htdocs/mats/wire/core/WireHooks.php(723): ProcessWire\Wire->_callMethod('___find', Array) #7 /opt/lampp/htdocs/mats/wire/core/Wire.php(442): ProcessWire\WireHooks->runHooks(Object(ProcessWire\Pages), 'find', Array) #8 /opt
2018-04-13 11:05:20	admin	http://localhost/mats/api/elements/	Error: 	Exception: Unknown Selector operator: '' -- was your selector value properly escaped?  (in /opt/lampp/htdocs/mats/wire/core/Selectors.php line 378)  #0 /opt/lampp/htdocs/mats/wire/core/Selectors.php(419): ProcessWire\Selectors->create('search_string', '', '') #1 /opt/lampp/htdocs/mats/wire/core/Selectors.php(141): ProcessWire\Selectors->extractString('search_string') #2 /opt/lampp/htdocs/mats/wire/core/Selectors.php(127): ProcessWire\Selectors->setSelectorString('search_string') #3 /opt/lampp/htdocs/mats/wire/core/PagesLoader.php(217): ProcessWire\Selectors->init('search_string') #4 /opt/lampp/htdocs/mats/wire/core/Pages.php(232): ProcessWire\PagesLoader->find('search_string', Array) #5 /opt/lampp/htdocs/mats/wire/core/Wire.php(383): ProcessWire\Pages->___find('search_string') #6 /opt/lampp/htdocs/mats/wire/core/WireHooks.php(723): ProcessWire\Wire->_callMethod('___find', Array) #7 /opt/lampp/htdocs/mats/wire/core/Wire.php(442): ProcessWire\WireHooks->runHooks(Object(ProcessWire\Pages), 'find', Array) #8 /opt
2018-04-13 11:12:27	admin	http://localhost/mats/api/elements/	Compile Error: 	require(): Failed opening required 'assets/pages/.php' (include_path='.:/opt/lampp/lib/php') (line 1 of /opt/lampp/htdocs/mats/site/assets/cache/FileCompiler/site/templates/_ajax_main.php)
2018-04-13 11:12:27	admin	http://localhost/mats/api/elements/	Compile Error: 	require(): Failed opening required 'assets/pages/.php' (include_path='.:/opt/lampp/lib/php') (line 1 of /opt/lampp/htdocs/mats/site/assets/cache/FileCompiler/site/templates/_ajax_main.php)
2018-04-13 11:12:45	admin	http://localhost/mats/api/elements/	Compile Error: 	require(): Failed opening required 'assets/pages/.php' (include_path='.:/opt/lampp/lib/php') (line 2 of /opt/lampp/htdocs/mats/site/templates/_ajax_main.php)
2018-04-13 11:12:46	admin	http://localhost/mats/api/elements/	Compile Error: 	require(): Failed opening required 'assets/pages/.php' (include_path='.:/opt/lampp/lib/php') (line 2 of /opt/lampp/htdocs/mats/site/templates/_ajax_main.php)
2018-04-13 11:16:05	admin	http://localhost/mats/	Compile Error: 	require(): Failed opening required 'assets/pages/.php' (include_path='.:/opt/lampp/lib/php') (line 56 of /opt/lampp/htdocs/mats/site/templates/_main.php)
2018-04-13 11:19:40	admin	http://localhost/mats/	Compile Error: 	require(): Failed opening required 'assets/pages/.php' (include_path='.:/opt/lampp/lib/php') (line 57 of /opt/lampp/htdocs/mats/site/templates/_main.php)
2018-04-13 11:29:52	admin	http://localhost/mats/	Compile Error: 	require(): Failed opening required 'assets/pages/.php' (include_path='.:/opt/lampp/lib/php') (line 57 of /opt/lampp/htdocs/mats/site/templates/_main.php)
2018-04-13 11:29:57	admin	http://localhost/mats/http404/	Compile Error: 	require(): Failed opening required 'assets/pages/.php' (include_path='.:/opt/lampp/lib/php') (line 57 of /opt/lampp/htdocs/mats/site/templates/_main.php)
2018-04-13 12:19:23	guest	http://localhost/mats/	Compile Error: 	require(): Failed opening required 'assets/pages/.php' (include_path='.:/opt/lampp/lib/php') (line 57 of /opt/lampp/htdocs/mats/site/templates/_main.php)
2018-04-13 12:23:34	guest	http://192.168.1.112/mats/	Compile Error: 	require(): Failed opening required 'assets/pages/.php' (include_path='.:/opt/lampp/lib/php') (line 57 of /opt/lampp/htdocs/mats/site/templates/_main.php)
2018-04-13 12:31:12	guest	http://192.168.1.112/mats/	Compile Error: 	require(): Failed opening required 'assets/pages/.php' (include_path='.:/opt/lampp/lib/php') (line 57 of /opt/lampp/htdocs/mats/site/templates/_main.php)
2018-04-13 12:41:11	admin	http://192.168.1.112/mats/	Compile Error: 	require(): Failed opening required 'assets/pages/.php' (include_path='.:/opt/lampp/lib/php') (line 57 of /opt/lampp/htdocs/mats/site/templates/_main.php)
2018-04-13 12:47:07	admin	http://192.168.1.112/mats/http404/	Compile Error: 	require(): Failed opening required 'assets/pages/.php' (include_path='.:/opt/lampp/lib/php') (line 57 of /opt/lampp/htdocs/mats/site/templates/_main.php)
2018-04-13 12:47:10	admin	http://192.168.1.112/mats/http404/	Compile Error: 	require(): Failed opening required 'assets/pages/.php' (include_path='.:/opt/lampp/lib/php') (line 57 of /opt/lampp/htdocs/mats/site/templates/_main.php)
2018-04-13 12:48:02	admin	http://192.168.1.112/mats/http404/	Compile Error: 	require(): Failed opening required 'assets/pages/.php' (include_path='.:/opt/lampp/lib/php') (line 57 of /opt/lampp/htdocs/mats/site/templates/_main.php)
2018-04-13 12:48:06	admin	http://192.168.1.112/mats/http404/	Compile Error: 	require(): Failed opening required 'assets/pages/.php' (include_path='.:/opt/lampp/lib/php') (line 57 of /opt/lampp/htdocs/mats/site/templates/_main.php)
2018-04-13 13:02:37	admin	http://192.168.1.112/mats/api/elements/	Parse Error: 	syntax error, unexpected ',' (line 13 of /opt/lampp/htdocs/mats/site/templates/assets/pages/api-call.php)
2018-04-13 13:02:37	admin	http://192.168.1.112/mats/api/elements/	Parse Error: 	syntax error, unexpected ',' (line 13 of /opt/lampp/htdocs/mats/site/templates/assets/pages/api-call.php)
2018-04-13 13:02:47	admin	http://192.168.1.112/mats/api/elements/	Parse Error: 	syntax error, unexpected '=>' (T_DOUBLE_ARROW) (line 15 of /opt/lampp/htdocs/mats/site/templates/assets/pages/api-call.php)
2018-04-13 13:54:35	admin	http://localhost/mats/api/scales/	Parse Error: 	syntax error, unexpected '}' (line 22 of /opt/lampp/htdocs/mats/site/templates/assets/pages/api-call.php)
2018-04-13 13:54:36	admin	http://localhost/mats/api/scales/	Parse Error: 	syntax error, unexpected '}' (line 22 of /opt/lampp/htdocs/mats/site/templates/assets/pages/api-call.php)
2018-04-13 13:56:28	guest	http://192.168.1.112/mats/api/elements/	Parse Error: 	syntax error, unexpected '}' (line 22 of /opt/lampp/htdocs/mats/site/templates/assets/pages/api-call.php)
2018-04-13 13:56:28	guest	http://192.168.1.112/mats/api/scales/	Parse Error: 	syntax error, unexpected '}' (line 22 of /opt/lampp/htdocs/mats/site/templates/assets/pages/api-call.php)
2018-04-13 13:56:32	guest	http://192.168.1.112/mats/api/elements/	Parse Error: 	syntax error, unexpected '}' (line 22 of /opt/lampp/htdocs/mats/site/templates/assets/pages/api-call.php)
2018-04-13 13:56:32	guest	http://192.168.1.112/mats/api/scales/	Parse Error: 	syntax error, unexpected '}' (line 22 of /opt/lampp/htdocs/mats/site/templates/assets/pages/api-call.php)
2018-04-13 14:00:23	admin	http://localhost/mats/api/scales/	Parse Error: 	syntax error, unexpected '}' (line 22 of /opt/lampp/htdocs/mats/site/templates/assets/pages/api-call.php)
2018-04-13 14:00:23	admin	http://localhost/mats/api/scales/	Parse Error: 	syntax error, unexpected '}' (line 22 of /opt/lampp/htdocs/mats/site/templates/assets/pages/api-call.php)
2018-04-13 14:44:39	admin	http://localhost/mats/api/scales/	Error: 	Exception: Item '' set to ProcessWire\PageArray is not an allowed type (in /opt/lampp/htdocs/mats/wire/core/WireArray.php line 431)  #0 /opt/lampp/htdocs/mats/wire/core/PageArray.php(258): ProcessWire\WireArray->set(NULL, Array) #1 /opt/lampp/htdocs/mats/wire/core/WireArray.php(1684): ProcessWire\PageArray->set(NULL, Array) #2 /opt/lampp/htdocs/mats/site/templates/assets/pages/api-call.php(22): ProcessWire\WireArray->offsetSet(NULL, Array) #3 /opt/lampp/htdocs/mats/site/templates/_ajax_main.php(2): require('/opt/lampp/htdo...') #4 /opt/lampp/htdocs/mats/wire/core/TemplateFile.php(297): require('/opt/lampp/htdo...') #5 /opt/lampp/htdocs/mats/wire/core/Wire.php(380): ProcessWire\TemplateFile->___render() #6 /opt/lampp/htdocs/mats/wire/core/WireHooks.php(723): ProcessWire\Wire->_callMethod('___render', Array) #7 /opt/lampp/htdocs/mats/wire/core/Wire.php(442): ProcessWire\WireHooks->runHooks(Object(ProcessWire\TemplateFile), 'render', Array) #8 /opt/lampp/htdocs/mats/wire/modules/PageRender.module(514): ProcessWi
2018-04-13 14:44:39	admin	http://localhost/mats/api/scales/	Error: 	Exception: Item '' set to ProcessWire\PageArray is not an allowed type (in /opt/lampp/htdocs/mats/wire/core/WireArray.php line 431)  #0 /opt/lampp/htdocs/mats/wire/core/PageArray.php(258): ProcessWire\WireArray->set(NULL, Array) #1 /opt/lampp/htdocs/mats/wire/core/WireArray.php(1684): ProcessWire\PageArray->set(NULL, Array) #2 /opt/lampp/htdocs/mats/site/templates/assets/pages/api-call.php(22): ProcessWire\WireArray->offsetSet(NULL, Array) #3 /opt/lampp/htdocs/mats/site/templates/_ajax_main.php(2): require('/opt/lampp/htdo...') #4 /opt/lampp/htdocs/mats/wire/core/TemplateFile.php(297): require('/opt/lampp/htdo...') #5 /opt/lampp/htdocs/mats/wire/core/Wire.php(380): ProcessWire\TemplateFile->___render() #6 /opt/lampp/htdocs/mats/wire/core/WireHooks.php(723): ProcessWire\Wire->_callMethod('___render', Array) #7 /opt/lampp/htdocs/mats/wire/core/Wire.php(442): ProcessWire\WireHooks->runHooks(Object(ProcessWire\TemplateFile), 'render', Array) #8 /opt/lampp/htdocs/mats/wire/modules/PageRender.module(514): ProcessWi
2018-04-13 14:45:20	admin	http://localhost/mats/api/scales/	Error: 	Exception: Item '' set to ProcessWire\PageArray is not an allowed type (in /opt/lampp/htdocs/mats/wire/core/WireArray.php line 431)  #0 /opt/lampp/htdocs/mats/wire/core/PageArray.php(258): ProcessWire\WireArray->set(NULL, Array) #1 /opt/lampp/htdocs/mats/wire/core/WireArray.php(1684): ProcessWire\PageArray->set(NULL, Array) #2 /opt/lampp/htdocs/mats/site/templates/assets/pages/api-call.php(22): ProcessWire\WireArray->offsetSet(NULL, Array) #3 /opt/lampp/htdocs/mats/site/templates/_ajax_main.php(2): require('/opt/lampp/htdo...') #4 /opt/lampp/htdocs/mats/wire/core/TemplateFile.php(297): require('/opt/lampp/htdo...') #5 /opt/lampp/htdocs/mats/wire/core/Wire.php(380): ProcessWire\TemplateFile->___render() #6 /opt/lampp/htdocs/mats/wire/core/WireHooks.php(723): ProcessWire\Wire->_callMethod('___render', Array) #7 /opt/lampp/htdocs/mats/wire/core/Wire.php(442): ProcessWire\WireHooks->runHooks(Object(ProcessWire\TemplateFile), 'render', Array) #8 /opt/lampp/htdocs/mats/wire/modules/PageRender.module(514): ProcessWi
2018-04-13 14:45:20	admin	http://localhost/mats/api/scales/	Error: 	Exception: Item '' set to ProcessWire\PageArray is not an allowed type (in /opt/lampp/htdocs/mats/wire/core/WireArray.php line 431)  #0 /opt/lampp/htdocs/mats/wire/core/PageArray.php(258): ProcessWire\WireArray->set(NULL, Array) #1 /opt/lampp/htdocs/mats/wire/core/WireArray.php(1684): ProcessWire\PageArray->set(NULL, Array) #2 /opt/lampp/htdocs/mats/site/templates/assets/pages/api-call.php(22): ProcessWire\WireArray->offsetSet(NULL, Array) #3 /opt/lampp/htdocs/mats/site/templates/_ajax_main.php(2): require('/opt/lampp/htdo...') #4 /opt/lampp/htdocs/mats/wire/core/TemplateFile.php(297): require('/opt/lampp/htdo...') #5 /opt/lampp/htdocs/mats/wire/core/Wire.php(380): ProcessWire\TemplateFile->___render() #6 /opt/lampp/htdocs/mats/wire/core/WireHooks.php(723): ProcessWire\Wire->_callMethod('___render', Array) #7 /opt/lampp/htdocs/mats/wire/core/Wire.php(442): ProcessWire\WireHooks->runHooks(Object(ProcessWire\TemplateFile), 'render', Array) #8 /opt/lampp/htdocs/mats/wire/modules/PageRender.module(514): ProcessWi
2018-04-13 14:45:21	admin	http://localhost/mats/api/scales/	Error: 	Exception: Item '' set to ProcessWire\PageArray is not an allowed type (in /opt/lampp/htdocs/mats/wire/core/WireArray.php line 431)  #0 /opt/lampp/htdocs/mats/wire/core/PageArray.php(258): ProcessWire\WireArray->set(NULL, Array) #1 /opt/lampp/htdocs/mats/wire/core/WireArray.php(1684): ProcessWire\PageArray->set(NULL, Array) #2 /opt/lampp/htdocs/mats/site/templates/assets/pages/api-call.php(22): ProcessWire\WireArray->offsetSet(NULL, Array) #3 /opt/lampp/htdocs/mats/site/templates/_ajax_main.php(2): require('/opt/lampp/htdo...') #4 /opt/lampp/htdocs/mats/wire/core/TemplateFile.php(297): require('/opt/lampp/htdo...') #5 /opt/lampp/htdocs/mats/wire/core/Wire.php(380): ProcessWire\TemplateFile->___render() #6 /opt/lampp/htdocs/mats/wire/core/WireHooks.php(723): ProcessWire\Wire->_callMethod('___render', Array) #7 /opt/lampp/htdocs/mats/wire/core/Wire.php(442): ProcessWire\WireHooks->runHooks(Object(ProcessWire\TemplateFile), 'render', Array) #8 /opt/lampp/htdocs/mats/wire/modules/PageRender.module(514): ProcessWi
2018-04-13 14:59:23	guest	http://192.168.1.112/mats/api/scales/	Error: 	Exception: Item '' set to ProcessWire\PageArray is not an allowed type (in /opt/lampp/htdocs/mats/wire/core/WireArray.php line 431)
2018-04-13 14:59:29	admin	http://localhost/mats/api/scales/	Error: 	Exception: Item '' set to ProcessWire\PageArray is not an allowed type (in /opt/lampp/htdocs/mats/wire/core/WireArray.php line 431)  #0 /opt/lampp/htdocs/mats/wire/core/PageArray.php(258): ProcessWire\WireArray->set(NULL, Array) #1 /opt/lampp/htdocs/mats/wire/core/WireArray.php(1684): ProcessWire\PageArray->set(NULL, Array) #2 /opt/lampp/htdocs/mats/site/templates/assets/pages/api-call.php(22): ProcessWire\WireArray->offsetSet(NULL, Array) #3 /opt/lampp/htdocs/mats/site/templates/_ajax_main.php(2): require('/opt/lampp/htdo...') #4 /opt/lampp/htdocs/mats/wire/core/TemplateFile.php(297): require('/opt/lampp/htdo...') #5 /opt/lampp/htdocs/mats/wire/core/Wire.php(380): ProcessWire\TemplateFile->___render() #6 /opt/lampp/htdocs/mats/wire/core/WireHooks.php(723): ProcessWire\Wire->_callMethod('___render', Array) #7 /opt/lampp/htdocs/mats/wire/core/Wire.php(442): ProcessWire\WireHooks->runHooks(Object(ProcessWire\TemplateFile), 'render', Array) #8 /opt/lampp/htdocs/mats/wire/modules/PageRender.module(514): ProcessWi
2018-04-13 14:59:29	admin	http://localhost/mats/api/scales/	Error: 	Exception: Item '' set to ProcessWire\PageArray is not an allowed type (in /opt/lampp/htdocs/mats/wire/core/WireArray.php line 431)  #0 /opt/lampp/htdocs/mats/wire/core/PageArray.php(258): ProcessWire\WireArray->set(NULL, Array) #1 /opt/lampp/htdocs/mats/wire/core/WireArray.php(1684): ProcessWire\PageArray->set(NULL, Array) #2 /opt/lampp/htdocs/mats/site/templates/assets/pages/api-call.php(22): ProcessWire\WireArray->offsetSet(NULL, Array) #3 /opt/lampp/htdocs/mats/site/templates/_ajax_main.php(2): require('/opt/lampp/htdo...') #4 /opt/lampp/htdocs/mats/wire/core/TemplateFile.php(297): require('/opt/lampp/htdo...') #5 /opt/lampp/htdocs/mats/wire/core/Wire.php(380): ProcessWire\TemplateFile->___render() #6 /opt/lampp/htdocs/mats/wire/core/WireHooks.php(723): ProcessWire\Wire->_callMethod('___render', Array) #7 /opt/lampp/htdocs/mats/wire/core/Wire.php(442): ProcessWire\WireHooks->runHooks(Object(ProcessWire\TemplateFile), 'render', Array) #8 /opt/lampp/htdocs/mats/wire/modules/PageRender.module(514): ProcessWi
2018-04-13 15:00:52	admin	http://localhost/mats/api/scales/	Parse Error: 	syntax error, unexpected 'echo' (T_ECHO) (line 20 of /opt/lampp/htdocs/mats/site/templates/assets/pages/api-call.php)
2018-04-13 15:00:53	admin	http://localhost/mats/api/scales/	Parse Error: 	syntax error, unexpected 'echo' (T_ECHO) (line 20 of /opt/lampp/htdocs/mats/site/templates/assets/pages/api-call.php)
2018-04-13 15:00:55	admin	http://localhost/mats/api/scales/	Error: 	Cannot use string offset as an array (line 25 of /opt/lampp/htdocs/mats/site/templates/assets/pages/api-call.php)
2018-04-13 15:00:56	admin	http://localhost/mats/api/scales/	Error: 	Cannot use string offset as an array (line 25 of /opt/lampp/htdocs/mats/site/templates/assets/pages/api-call.php)
2018-04-13 15:02:06	admin	http://localhost/mats/api/scales/	Parse Error: 	syntax error, unexpected 'echo' (T_ECHO) (line 30 of /opt/lampp/htdocs/mats/site/templates/assets/pages/api-call.php)
2018-04-13 15:02:06	admin	http://localhost/mats/api/scales/	Parse Error: 	syntax error, unexpected 'echo' (T_ECHO) (line 30 of /opt/lampp/htdocs/mats/site/templates/assets/pages/api-call.php)
2018-04-13 15:02:07	admin	http://localhost/mats/api/scales/	Parse Error: 	syntax error, unexpected 'echo' (T_ECHO) (line 30 of /opt/lampp/htdocs/mats/site/templates/assets/pages/api-call.php)
2018-04-13 15:03:07	admin	http://localhost/mats/api/scales/	Parse Error: 	syntax error, unexpected 'echo' (T_ECHO), expecting ',' or ';' (line 25 of /opt/lampp/htdocs/mats/site/templates/assets/pages/api-call.php)
2018-04-13 15:03:07	admin	http://localhost/mats/api/scales/	Parse Error: 	syntax error, unexpected 'echo' (T_ECHO), expecting ',' or ';' (line 25 of /opt/lampp/htdocs/mats/site/templates/assets/pages/api-call.php)
2018-04-13 16:27:11	guest	http://192.168.1.112/mats/public_html/	Compile Error: 	require(): Failed opening required 'assets/pages/.php' (include_path='.:/opt/lampp/lib/php') (line 57 of /opt/lampp/htdocs/mats/public_html/site/templates/_main.php)
2018-04-13 16:52:15	admin	http://localhost/mats/public_html/	Compile Error: 	require(): Failed opening required 'assets/pages/.php' (include_path='.:/opt/lampp/lib/php') (line 57 of /opt/lampp/htdocs/mats/public_html/site/templates/_main.php)
2018-04-13 16:52:18	admin	http://localhost/mats/public_html/http404/	Compile Error: 	require(): Failed opening required 'assets/pages/.php' (include_path='.:/opt/lampp/lib/php') (line 57 of /opt/lampp/htdocs/mats/public_html/site/templates/_main.php)
2018-04-13 17:25:04	admin	http://localhost/mats/public_html/	Compile Error: 	require(): Failed opening required 'assets/pages/.php' (include_path='.:/opt/lampp/lib/php') (line 57 of /opt/lampp/htdocs/mats/public_html/site/templates/_main.php)
2018-04-16 19:41:30	?	http://localhost/?/	Error: 	Exception: SQLSTATE[HY000] [2002] Connection refused (in /opt/lampp/htdocs/mats/public_html/wire/core/ProcessWire.php line 377)
2018-04-16 19:41:41	?	http://localhost/?/	Error: 	Exception: SQLSTATE[HY000] [2002] Connection refused (in /opt/lampp/htdocs/mats/public_html/wire/core/ProcessWire.php line 377)
2018-04-16 19:44:38	?	http://localhost/?/	Error: 	Exception: SQLSTATE[HY000] [2002] Connection refused (in /opt/lampp/htdocs/mats/public_html/wire/core/ProcessWire.php line 377)
2018-04-16 19:44:38	?	http://localhost/?/	Error: 	Exception: SQLSTATE[HY000] [2002] Connection refused (in /opt/lampp/htdocs/mats/public_html/wire/core/ProcessWire.php line 377)
2018-05-21 15:52:15	guest	http://localhost/mats/public_html/http404/	Compile Error: 	require(): Failed opening required 'assets/pages/.php' (include_path='.:/opt/lampp/lib/php') (line 57 of /opt/lampp/htdocs/mats/public_html/site/templates/_main.php)
2018-05-21 15:52:16	guest	http://localhost/mats/public_html/http404/	Compile Error: 	require(): Failed opening required 'assets/pages/.php' (include_path='.:/opt/lampp/lib/php') (line 57 of /opt/lampp/htdocs/mats/public_html/site/templates/_main.php)
2018-09-01 08:49:31	guest	http://localhost/cw-be/public_html/http404/	Compile Error: 	require(): Failed opening required 'assets/pages/.php' (include_path='C:\xampp\php\PEAR') (line 58 of C:\xampp\htdocs\cw-be\public_html\site\templates\_main.php)
2018-09-02 18:35:20	guest	http://localhost/cw-be/public_html/http404/	Compile Error: 	require(): Failed opening required 'assets/pages/.php' (include_path='C:\xampp\php\PEAR') (line 57 of C:\xampp\htdocs\cw-be\public_html\site\templates\_main.php)
2018-09-02 18:31:18	guest	http://localhost/cw-be/public_html/http404/	Compile Error: 	require(): Failed opening required 'assets/pages/.php' (include_path='C:\xampp\php\PEAR') (line 58 of C:\xampp\htdocs\cw-be\public_html\site\templates\_main.php)
2018-09-02 18:31:18	guest	http://localhost/cw-be/public_html/http404/	Compile Error: 	require(): Failed opening required 'assets/pages/.php' (include_path='C:\xampp\php\PEAR') (line 58 of C:\xampp\htdocs\cw-be\public_html\site\templates\_main.php)
2018-09-02 18:34:08	guest	http://localhost/cw-be/public_html/http404/	Compile Error: 	require(): Failed opening required 'assets/pages/.php' (include_path='C:\xampp\php\PEAR') (line 58 of C:\xampp\htdocs\cw-be\public_html\site\templates\_main.php)
2018-09-02 18:34:08	guest	http://localhost/cw-be/public_html/http404/	Compile Error: 	require(): Failed opening required 'assets/pages/.php' (include_path='C:\xampp\php\PEAR') (line 58 of C:\xampp\htdocs\cw-be\public_html\site\templates\_main.php)
2018-09-02 18:34:15	guest	http://localhost/cw-be/public_html/http404/	Compile Error: 	require(): Failed opening required 'assets/pages/.php' (include_path='C:\xampp\php\PEAR') (line 58 of C:\xampp\htdocs\cw-be\public_html\site\templates\_main.php)
2018-09-02 18:35:55	guest	http://localhost/cw-be/public_html/http404/	Compile Error: 	require(): Failed opening required 'assets/pages/.php' (include_path='C:\xampp\php\PEAR') (line 58 of C:\xampp\htdocs\cw-be\public_html\site\templates\_main.php)
2018-09-02 18:35:59	guest	http://localhost/cw-be/public_html/http404/	Compile Error: 	require(): Failed opening required 'assets/pages/.php' (include_path='C:\xampp\php\PEAR') (line 58 of C:\xampp\htdocs\cw-be\public_html\site\templates\_main.php)
2018-09-02 18:36:17	guest	http://localhost/cw-be/public_html/http404/	Compile Error: 	require(): Failed opening required 'assets/pages/.php' (include_path='C:\xampp\php\PEAR') (line 58 of C:\xampp\htdocs\cw-be\public_html\site\templates\_main.php)
2018-09-02 18:45:54	admin	http://localhost/cw-be/public_html/http404/	Compile Error: 	require(): Failed opening required 'assets/pages/.php' (include_path='C:\xampp\php\PEAR') (line 58 of C:\xampp\htdocs\cw-be\public_html\site\templates\_main.php)
2018-09-02 18:46:05	admin	http://localhost/cw-be/public_html/http404/	Compile Error: 	require(): Failed opening required 'assets/pages/.php' (include_path='C:\xampp\php\PEAR') (line 58 of C:\xampp\htdocs\cw-be\public_html\site\templates\_main.php)
2018-09-03 08:42:20	admin	http://localhost/cw-be/public_html/http404/	Compile Error: 	require(): Failed opening required 'assets/pages/.php' (include_path='C:\xampp\php\PEAR') (line 58 of C:\xampp\htdocs\cw-be\public_html\site\templates\_main.php)
2018-09-03 08:52:23	admin	http://localhost/cw-be/public_html/http404/	Compile Error: 	require(): Failed opening required 'assets/pages/.php' (include_path='C:\xampp\php\PEAR') (line 58 of C:\xampp\htdocs\cw-be\public_html\site\templates\_main.php)
