2018-04-12 18:29:01	admin	http://localhost/mats/mat/	Parse Error: 	syntax error, unexpected '>' (line 55 of /opt/lampp/htdocs/mats/site/templates/_main.php)
2018-04-12 18:29:01	admin	http://localhost/mats/mat/	Parse Error: 	syntax error, unexpected '>' (line 55 of /opt/lampp/htdocs/mats/site/templates/_main.php)
2018-04-12 18:30:28	admin	http://localhost/mats/mat/	Parse Error: 	syntax error, unexpected '>' (line 55 of /opt/lampp/htdocs/mats/site/templates/_main.php)
2018-04-12 18:30:29	admin	http://localhost/mats/mat/	Parse Error: 	syntax error, unexpected '>' (line 55 of /opt/lampp/htdocs/mats/site/templates/_main.php)
2018-04-12 18:30:51	admin	http://localhost/mats/mat/	Compile Error: 	require(): Failed opening required 'assets/pages/mat' (include_path='.:/opt/lampp/lib/php') (line 54 of /opt/lampp/htdocs/mats/site/templates/_main.php)
2018-04-12 18:30:52	admin	http://localhost/mats/mat/	Compile Error: 	require(): Failed opening required 'assets/pages/mat' (include_path='.:/opt/lampp/lib/php') (line 54 of /opt/lampp/htdocs/mats/site/templates/_main.php)
2018-04-12 18:39:51	admin	http://localhost/mats/http404/	Compile Error: 	require(): Failed opening required 'assets/pages/.php' (include_path='.:/opt/lampp/lib/php') (line 50 of /opt/lampp/htdocs/mats/site/templates/_main.php)
2018-04-12 18:39:51	admin	http://localhost/mats/http404/	Compile Error: 	require(): Failed opening required 'assets/pages/.php' (include_path='.:/opt/lampp/lib/php') (line 50 of /opt/lampp/htdocs/mats/site/templates/_main.php)
2018-04-12 18:39:53	admin	http://localhost/mats/http404/	Compile Error: 	require(): Failed opening required 'assets/pages/.php' (include_path='.:/opt/lampp/lib/php') (line 50 of /opt/lampp/htdocs/mats/site/templates/_main.php)
2018-04-12 18:39:54	admin	http://localhost/mats/http404/	Compile Error: 	require(): Failed opening required 'assets/pages/.php' (include_path='.:/opt/lampp/lib/php') (line 50 of /opt/lampp/htdocs/mats/site/templates/_main.php)
2018-04-12 18:41:06	admin	http://localhost/mats/http404/	Compile Error: 	require(): Failed opening required 'assets/pages/.php' (include_path='.:/opt/lampp/lib/php') (line 50 of /opt/lampp/htdocs/mats/site/templates/_main.php)
2018-04-12 18:41:06	admin	http://localhost/mats/http404/	Compile Error: 	require(): Failed opening required 'assets/pages/.php' (include_path='.:/opt/lampp/lib/php') (line 50 of /opt/lampp/htdocs/mats/site/templates/_main.php)
2018-04-12 18:41:29	admin	http://localhost/mats/http404/	Compile Error: 	require(): Failed opening required 'assets/pages/.php' (include_path='.:/opt/lampp/lib/php') (line 50 of /opt/lampp/htdocs/mats/site/templates/_main.php)
2018-04-12 18:41:30	admin	http://localhost/mats/http404/	Compile Error: 	require(): Failed opening required 'assets/pages/.php' (include_path='.:/opt/lampp/lib/php') (line 50 of /opt/lampp/htdocs/mats/site/templates/_main.php)
2018-04-12 18:41:32	admin	http://localhost/mats/http404/	Compile Error: 	require(): Failed opening required 'assets/pages/.php' (include_path='.:/opt/lampp/lib/php') (line 50 of /opt/lampp/htdocs/mats/site/templates/_main.php)
2018-04-12 18:41:33	admin	http://localhost/mats/http404/	Compile Error: 	require(): Failed opening required 'assets/pages/.php' (include_path='.:/opt/lampp/lib/php') (line 50 of /opt/lampp/htdocs/mats/site/templates/_main.php)
2018-04-12 18:41:33	admin	http://localhost/mats/http404/	Compile Error: 	require(): Failed opening required 'assets/pages/.php' (include_path='.:/opt/lampp/lib/php') (line 50 of /opt/lampp/htdocs/mats/site/templates/_main.php)
2018-04-12 23:15:34	guest	http://localhost/mats/http404/	Compile Error: 	require(): Failed opening required 'assets/pages/.php' (include_path='.:/opt/lampp/lib/php') (line 53 of /opt/lampp/htdocs/mats/site/templates/_main.php)
2018-04-12 23:15:37	guest	http://localhost/mats/http404/	Compile Error: 	require(): Failed opening required 'assets/pages/.php' (include_path='.:/opt/lampp/lib/php') (line 53 of /opt/lampp/htdocs/mats/site/templates/_main.php)
2018-04-12 23:16:16	admin	http://localhost/mats/http404/	Compile Error: 	require(): Failed opening required 'assets/pages/.php' (include_path='.:/opt/lampp/lib/php') (line 53 of /opt/lampp/htdocs/mats/site/templates/_main.php)
2018-04-13 00:14:19	guest	http://localhost/mats/http404/	Compile Error: 	require(): Failed opening required 'assets/pages/.php' (include_path='.:/opt/lampp/lib/php') (line 53 of /opt/lampp/htdocs/mats/site/templates/_main.php)
2018-04-13 00:15:41	guest	http://localhost/mats/http404/	Compile Error: 	require(): Failed opening required 'assets/pages/.php' (include_path='.:/opt/lampp/lib/php') (line 53 of /opt/lampp/htdocs/mats/site/templates/_main.php)
2018-04-13 00:18:28	guest	http://localhost/mats/http404/	Compile Error: 	require(): Failed opening required 'assets/pages/.php' (include_path='.:/opt/lampp/lib/php') (line 53 of /opt/lampp/htdocs/mats/site/templates/_main.php)
2018-04-13 00:19:10	guest	http://localhost/mats/http404/	Compile Error: 	require(): Failed opening required 'assets/pages/.php' (include_path='.:/opt/lampp/lib/php') (line 53 of /opt/lampp/htdocs/mats/site/templates/_main.php)
2018-04-13 00:19:44	guest	http://localhost/mats/http404/	Compile Error: 	require(): Failed opening required 'assets/pages/.php' (include_path='.:/opt/lampp/lib/php') (line 53 of /opt/lampp/htdocs/mats/site/templates/_main.php)
2018-04-13 00:35:05	guest	http://localhost/mats/http404/	Compile Error: 	require(): Failed opening required 'assets/pages/.php' (include_path='.:/opt/lampp/lib/php') (line 53 of /opt/lampp/htdocs/mats/site/templates/_main.php)
2018-04-13 10:57:53	admin	http://localhost/mats/http404/	Compile Error: 	require(): Failed opening required 'assets/pages/.php' (include_path='.:/opt/lampp/lib/php') (line 56 of /opt/lampp/htdocs/mats/site/templates/_main.php)
2018-04-13 11:01:51	admin	http://localhost/mats/http404/	Compile Error: 	require(): Failed opening required 'assets/pages/.php' (include_path='.:/opt/lampp/lib/php') (line 56 of /opt/lampp/htdocs/mats/site/templates/_main.php)
2018-04-13 11:01:54	admin	http://localhost/mats/http404/	Compile Error: 	require(): Failed opening required 'assets/pages/.php' (include_path='.:/opt/lampp/lib/php') (line 56 of /opt/lampp/htdocs/mats/site/templates/_main.php)
2018-04-13 11:01:59	admin	http://localhost/mats/http404/	Compile Error: 	require(): Failed opening required 'assets/pages/.php' (include_path='.:/opt/lampp/lib/php') (line 56 of /opt/lampp/htdocs/mats/site/templates/_main.php)
2018-04-13 11:02:32	admin	http://localhost/mats/http404/	Compile Error: 	require(): Failed opening required 'assets/pages/.php' (include_path='.:/opt/lampp/lib/php') (line 56 of /opt/lampp/htdocs/mats/site/templates/_main.php)
2018-04-13 11:02:33	admin	http://localhost/mats/http404/	Compile Error: 	require(): Failed opening required 'assets/pages/.php' (include_path='.:/opt/lampp/lib/php') (line 56 of /opt/lampp/htdocs/mats/site/templates/_main.php)
2018-04-13 11:02:41	admin	http://localhost/mats/api/elements/	Error: 	Call to undefined function wireEncodeJSON() (line 11 of /opt/lampp/htdocs/mats/site/templates/assets/pages/api-elements.php)
2018-04-13 11:02:41	admin	http://localhost/mats/api/elements/	Error: 	Call to undefined function wireEncodeJSON() (line 11 of /opt/lampp/htdocs/mats/site/templates/assets/pages/api-elements.php)
2018-04-13 11:04:51	admin	http://localhost/mats/api/elements/	Parse Error: 	syntax error, unexpected '$template_name' (T_VARIABLE) (line 12 of /opt/lampp/htdocs/mats/site/templates/api-elements.php)
2018-04-13 11:04:52	admin	http://localhost/mats/api/elements/	Parse Error: 	syntax error, unexpected '$template_name' (T_VARIABLE) (line 12 of /opt/lampp/htdocs/mats/site/templates/api-elements.php)
2018-04-13 11:05:02	admin	http://localhost/mats/api/elements/	Compile Error: 	require(): Failed opening required 'assets/pages/api-elements.php' (include_path='.:/opt/lampp/lib/php') (line 56 of /opt/lampp/htdocs/mats/site/templates/_main.php)
2018-04-13 11:05:03	admin	http://localhost/mats/api/elements/	Compile Error: 	require(): Failed opening required 'assets/pages/api-elements.php' (include_path='.:/opt/lampp/lib/php') (line 56 of /opt/lampp/htdocs/mats/site/templates/_main.php)
2018-04-13 11:05:09	admin	http://localhost/mats/api/elements/	Error: 	Exception: Unknown Selector operator: '' -- was your selector value properly escaped?  (in /opt/lampp/htdocs/mats/wire/core/Selectors.php line 378)  #0 /opt/lampp/htdocs/mats/wire/core/Selectors.php(419): ProcessWire\Selectors->create('search_string', '', '') #1 /opt/lampp/htdocs/mats/wire/core/Selectors.php(141): ProcessWire\Selectors->extractString('search_string') #2 /opt/lampp/htdocs/mats/wire/core/Selectors.php(127): ProcessWire\Selectors->setSelectorString('search_string') #3 /opt/lampp/htdocs/mats/wire/core/PagesLoader.php(217): ProcessWire\Selectors->init('search_string') #4 /opt/lampp/htdocs/mats/wire/core/Pages.php(232): ProcessWire\PagesLoader->find('search_string', Array) #5 /opt/lampp/htdocs/mats/wire/core/Wire.php(383): ProcessWire\Pages->___find('search_string') #6 /opt/lampp/htdocs/mats/wire/core/WireHooks.php(723): ProcessWire\Wire->_callMethod('___find', Array) #7 /opt/lampp/htdocs/mats/wire/core/Wire.php(442): ProcessWire\WireHooks->runHooks(Object(ProcessWire\Pages), 'find', Array) #8 /opt
2018-04-13 11:05:10	admin	http://localhost/mats/api/elements/	Error: 	Exception: Unknown Selector operator: '' -- was your selector value properly escaped?  (in /opt/lampp/htdocs/mats/wire/core/Selectors.php line 378)  #0 /opt/lampp/htdocs/mats/wire/core/Selectors.php(419): ProcessWire\Selectors->create('search_string', '', '') #1 /opt/lampp/htdocs/mats/wire/core/Selectors.php(141): ProcessWire\Selectors->extractString('search_string') #2 /opt/lampp/htdocs/mats/wire/core/Selectors.php(127): ProcessWire\Selectors->setSelectorString('search_string') #3 /opt/lampp/htdocs/mats/wire/core/PagesLoader.php(217): ProcessWire\Selectors->init('search_string') #4 /opt/lampp/htdocs/mats/wire/core/Pages.php(232): ProcessWire\PagesLoader->find('search_string', Array) #5 /opt/lampp/htdocs/mats/wire/core/Wire.php(383): ProcessWire\Pages->___find('search_string') #6 /opt/lampp/htdocs/mats/wire/core/WireHooks.php(723): ProcessWire\Wire->_callMethod('___find', Array) #7 /opt/lampp/htdocs/mats/wire/core/Wire.php(442): ProcessWire\WireHooks->runHooks(Object(ProcessWire\Pages), 'find', Array) #8 /opt
2018-04-13 11:05:19	admin	http://localhost/mats/api/elements/	Error: 	Exception: Unknown Selector operator: '' -- was your selector value properly escaped?  (in /opt/lampp/htdocs/mats/wire/core/Selectors.php line 378)  #0 /opt/lampp/htdocs/mats/wire/core/Selectors.php(419): ProcessWire\Selectors->create('search_string', '', '') #1 /opt/lampp/htdocs/mats/wire/core/Selectors.php(141): ProcessWire\Selectors->extractString('search_string') #2 /opt/lampp/htdocs/mats/wire/core/Selectors.php(127): ProcessWire\Selectors->setSelectorString('search_string') #3 /opt/lampp/htdocs/mats/wire/core/PagesLoader.php(217): ProcessWire\Selectors->init('search_string') #4 /opt/lampp/htdocs/mats/wire/core/Pages.php(232): ProcessWire\PagesLoader->find('search_string', Array) #5 /opt/lampp/htdocs/mats/wire/core/Wire.php(383): ProcessWire\Pages->___find('search_string') #6 /opt/lampp/htdocs/mats/wire/core/WireHooks.php(723): ProcessWire\Wire->_callMethod('___find', Array) #7 /opt/lampp/htdocs/mats/wire/core/Wire.php(442): ProcessWire\WireHooks->runHooks(Object(ProcessWire\Pages), 'find', Array) #8 /opt
2018-04-13 11:05:20	admin	http://localhost/mats/api/elements/	Error: 	Exception: Unknown Selector operator: '' -- was your selector value properly escaped?  (in /opt/lampp/htdocs/mats/wire/core/Selectors.php line 378)  #0 /opt/lampp/htdocs/mats/wire/core/Selectors.php(419): ProcessWire\Selectors->create('search_string', '', '') #1 /opt/lampp/htdocs/mats/wire/core/Selectors.php(141): ProcessWire\Selectors->extractString('search_string') #2 /opt/lampp/htdocs/mats/wire/core/Selectors.php(127): ProcessWire\Selectors->setSelectorString('search_string') #3 /opt/lampp/htdocs/mats/wire/core/PagesLoader.php(217): ProcessWire\Selectors->init('search_string') #4 /opt/lampp/htdocs/mats/wire/core/Pages.php(232): ProcessWire\PagesLoader->find('search_string', Array) #5 /opt/lampp/htdocs/mats/wire/core/Wire.php(383): ProcessWire\Pages->___find('search_string') #6 /opt/lampp/htdocs/mats/wire/core/WireHooks.php(723): ProcessWire\Wire->_callMethod('___find', Array) #7 /opt/lampp/htdocs/mats/wire/core/Wire.php(442): ProcessWire\WireHooks->runHooks(Object(ProcessWire\Pages), 'find', Array) #8 /opt
2018-04-13 11:12:27	admin	http://localhost/mats/api/elements/	Compile Error: 	require(): Failed opening required 'assets/pages/.php' (include_path='.:/opt/lampp/lib/php') (line 1 of /opt/lampp/htdocs/mats/site/assets/cache/FileCompiler/site/templates/_ajax_main.php)
2018-04-13 11:12:27	admin	http://localhost/mats/api/elements/	Compile Error: 	require(): Failed opening required 'assets/pages/.php' (include_path='.:/opt/lampp/lib/php') (line 1 of /opt/lampp/htdocs/mats/site/assets/cache/FileCompiler/site/templates/_ajax_main.php)
2018-04-13 11:12:45	admin	http://localhost/mats/api/elements/	Compile Error: 	require(): Failed opening required 'assets/pages/.php' (include_path='.:/opt/lampp/lib/php') (line 2 of /opt/lampp/htdocs/mats/site/templates/_ajax_main.php)
2018-04-13 11:12:46	admin	http://localhost/mats/api/elements/	Compile Error: 	require(): Failed opening required 'assets/pages/.php' (include_path='.:/opt/lampp/lib/php') (line 2 of /opt/lampp/htdocs/mats/site/templates/_ajax_main.php)
2018-04-13 11:16:05	admin	http://localhost/mats/	Compile Error: 	require(): Failed opening required 'assets/pages/.php' (include_path='.:/opt/lampp/lib/php') (line 56 of /opt/lampp/htdocs/mats/site/templates/_main.php)
2018-04-13 11:19:40	admin	http://localhost/mats/	Compile Error: 	require(): Failed opening required 'assets/pages/.php' (include_path='.:/opt/lampp/lib/php') (line 57 of /opt/lampp/htdocs/mats/site/templates/_main.php)
